00:54:20:0981 [main] INFO  TestCases.TC001 - ***** Starting TC003_LoginDDT ******
00:54:25:0146 [main] INFO  TestCases.TC001 - ****** Finished TC003_LoginDDT ******
00:54:25:0154 [main] INFO  TestCases.TC001 - ***** Starting TC003_LoginDDT ******
00:54:29:0065 [main] INFO  TestCases.TC001 - ****** Finished TC003_LoginDDT ******
01:05:05:0922 [main] INFO  TestCases.TC001 - ***** Starting TC003_LoginDDT ******
01:05:09:0898 [main] INFO  TestCases.TC001 - ****** Finished TC003_LoginDDT ******
01:05:09:0898 [main] INFO  TestCases.TC001 - ***** Starting TC003_LoginDDT ******
01:05:14:0216 [main] INFO  TestCases.TC001 - org.openqa.selenium.NoSuchElementException: no such element: Unable to locate element: {"method":"xpath","selector":"//div[@class='list-group']//a[text()='Logout']"}
  (Session info: chrome=139.0.7258.155)
For documentation on this error, please visit: https://www.selenium.dev/documentation/webdriver/troubleshooting/errors#no-such-element-exception
Build info: version: '4.35.0', revision: '1c58e5028b'
System info: os.name: 'Windows 11', os.arch: 'amd64', os.version: '10.0', java.version: '21.0.5'
Driver info: org.openqa.selenium.chrome.ChromeDriver
Command: [b08e3db31538125f478da1a194f96213, findElement {using=xpath, value=//div[@class='list-group']//a[text()='Logout']}]
Capabilities {acceptInsecureCerts: false, browserName: chrome, browserVersion: 139.0.7258.155, chrome: {chromedriverVersion: 139.0.7258.154 (9e0d6b2b47f..., userDataDir: C:\Users\Bhask\AppData\Loca...}, fedcm:accounts: true, goog:chromeOptions: {debuggerAddress: localhost:63145}, networkConnectionEnabled: false, pageLoadStrategy: normal, platformName: windows, proxy: Proxy(), se:cdp: ws://localhost:63145/devtoo..., se:cdpVersion: 139.0.7258.155, setWindowRect: true, strictFileInteractability: false, timeouts: {implicit: 0, pageLoad: 300000, script: 30000}, unhandledPromptBehavior: dismiss and notify, webauthn:extension:credBlob: true, webauthn:extension:largeBlob: true, webauthn:extension:minPinLength: true, webauthn:extension:prf: true, webauthn:virtualAuthenticators: true}
Session ID: b08e3db31538125f478da1a194f96213
01:05:14:0224 [main] INFO  TestCases.TC001 - ***** Starting TC003_LoginDDT ******
01:05:18:0313 [main] INFO  TestCases.TC001 - ****** Finished TC003_LoginDDT ******
01:05:18:0313 [main] INFO  TestCases.TC001 - ***** Starting TC003_LoginDDT ******
01:05:22:0620 [main] INFO  TestCases.TC001 - ****** Finished TC003_LoginDDT ******
01:07:59:0624 [main] INFO  TestCases.TC001 - ***** Starting TC003_LoginDDT ******
01:08:03:0452 [main] INFO  TestCases.TC001 - ****** Finished TC003_LoginDDT ******
01:08:03:0455 [main] INFO  TestCases.TC001 - ***** Starting TC003_LoginDDT ******
01:08:07:0770 [main] INFO  TestCases.TC001 - org.openqa.selenium.NoSuchElementException: no such element: Unable to locate element: {"method":"xpath","selector":"//div[@class='list-group']//a[text()='Logout']"}
  (Session info: chrome=139.0.7258.155)
For documentation on this error, please visit: https://www.selenium.dev/documentation/webdriver/troubleshooting/errors#no-such-element-exception
Build info: version: '4.35.0', revision: '1c58e5028b'
System info: os.name: 'Windows 11', os.arch: 'amd64', os.version: '10.0', java.version: '21.0.5'
Driver info: org.openqa.selenium.chrome.ChromeDriver
Command: [b5d9fd64cbad48ebcc664315b3293fa6, findElement {using=xpath, value=//div[@class='list-group']//a[text()='Logout']}]
Capabilities {acceptInsecureCerts: false, browserName: chrome, browserVersion: 139.0.7258.155, chrome: {chromedriverVersion: 139.0.7258.154 (9e0d6b2b47f..., userDataDir: C:\Users\Bhask\AppData\Loca...}, fedcm:accounts: true, goog:chromeOptions: {debuggerAddress: localhost:49282}, networkConnectionEnabled: false, pageLoadStrategy: normal, platformName: windows, proxy: Proxy(), se:cdp: ws://localhost:49282/devtoo..., se:cdpVersion: 139.0.7258.155, setWindowRect: true, strictFileInteractability: false, timeouts: {implicit: 0, pageLoad: 300000, script: 30000}, unhandledPromptBehavior: dismiss and notify, webauthn:extension:credBlob: true, webauthn:extension:largeBlob: true, webauthn:extension:minPinLength: true, webauthn:extension:prf: true, webauthn:virtualAuthenticators: true}
Session ID: b5d9fd64cbad48ebcc664315b3293fa6
01:08:07:0945 [main] INFO  TestCases.TC001 - ***** Starting TC003_LoginDDT ******
01:08:11:0760 [main] INFO  TestCases.TC001 - ****** Finished TC003_LoginDDT ******
01:08:11:0762 [main] INFO  TestCases.TC001 - ***** Starting TC003_LoginDDT ******
01:08:15:0548 [main] INFO  TestCases.TC001 - ****** Finished TC003_LoginDDT ******
01:09:38:0796 [main] INFO  TestCases.TC001 - ***** Starting TC003_LoginDDT ******
01:09:42:0763 [main] INFO  TestCases.TC001 - ****** Finished TC003_LoginDDT ******
01:09:42:0785 [main] INFO  TestCases.TC001 - ***** Starting TC003_LoginDDT ******
01:09:47:0098 [main] INFO  TestCases.TC001 - ****** Finished TC003_LoginDDT ******
01:09:47:0100 [main] INFO  TestCases.TC001 - ***** Starting TC003_LoginDDT ******
